nohup: ignoring input
[INFO] Scanning for projects...
[INFO] 
[INFO] ----------------< com.jtspringproject:JtSpringProject >-----------------
[INFO] Building JtSpringProject 0.0.1-SNAPSHOT
[INFO]   from pom.xml
[INFO] --------------------------------[ jar ]---------------------------------
[INFO] 
[INFO] >>> spring-boot:2.7.18:run (default-cli) > test-compile @ JtSpringProject >>>
[WARNING] The artifact mysql:mysql-connector-java:jar:8.0.33 has been relocated to com.mysql:mysql-connector-j:jar:8.0.33: MySQL Connector/J artifacts moved to reverse-DNS compliant Maven 2+ coordinates.
[INFO] 
[INFO] --- resources:3.2.0:resources (default-resources) @ JtSpringProject ---
[INFO] Using 'UTF-8' encoding to copy filtered resources.
[INFO] Using 'UTF-8' encoding to copy filtered properties files.
[INFO] Copying 8 resources
[INFO] Copying 15 resources to META-INF/resources
[INFO] 
[INFO] --- compiler:3.11.0:compile (default-compile) @ JtSpringProject ---
[INFO] Nothing to compile - all classes are up to date
[INFO] 
[INFO] --- resources:3.2.0:testResources (default-testResources) @ JtSpringProject ---
[INFO] Using 'UTF-8' encoding to copy filtered resources.
[INFO] Using 'UTF-8' encoding to copy filtered properties files.
[INFO] skip non existing resourceDirectory /workspaces/study/java-projects/JtProject/src/test/resources
[INFO] 
[INFO] --- compiler:3.11.0:testCompile (default-testCompile) @ JtSpringProject ---
[INFO] Nothing to compile - all classes are up to date
[INFO] 
[INFO] <<< spring-boot:2.7.18:run (default-cli) < test-compile @ JtSpringProject <<<
[INFO] 
[INFO] 
[INFO] --- spring-boot:2.7.18:run (default-cli) @ JtSpringProject ---
[INFO] Attaching agents: []
test1
10:00:33.422 [Thread-0] DEBUG org.springframework.boot.devtools.restart.classloader.RestartClassLoader - Created RestartClassLoader org.springframework.boot.devtools.restart.classloader.RestartClassLoader@11e7b9c3
test1

  .   ____          _            __ _ _
 /\\ / ___'_ __ _ _(_)_ __  __ _ \ \ \ \
( ( )\___ | '_ | '_| | '_ \/ _` | \ \ \ \
 \\/  ___)| |_)| | | | | || (_| |  ) ) ) )
  '  |____| .__|_| |_|_| |_\__, | / / / /
 =========|_|==============|___/=/_/_/_/
 :: Spring Boot ::               (v2.7.18)

2025-12-30 10:00:33.669  INFO 40203 --- [  restartedMain] c.j.J.JtSpringProjectApplication         : Starting JtSpringProjectApplication using Java 25.0.1 on codespaces-697c2b with PID 40203 (/workspaces/study/java-projects/JtProject/target/classes started by codespace in /workspaces/study/java-projects/JtProject)
2025-12-30 10:00:33.670  INFO 40203 --- [  restartedMain] c.j.J.JtSpringProjectApplication         : No active profile set, falling back to 1 default profile: "default"
2025-12-30 10:00:33.719  INFO 40203 --- [  restartedMain] .e.DevToolsPropertyDefaultsPostProcessor : Devtools property defaults active! Set 'spring.devtools.add-properties' to 'false' to disable
2025-12-30 10:00:33.719  INFO 40203 --- [  restartedMain] .e.DevToolsPropertyDefaultsPostProcessor : For additional web related logging consider setting the 'logging.level.web' property to 'DEBUG'
2025-12-30 10:00:34.213  INFO 40203 --- [  restartedMain] .s.d.r.c.RepositoryConfigurationDelegate : Bootstrapping Spring Data JPA repositories in DEFAULT mode.
2025-12-30 10:00:34.224  INFO 40203 --- [  restartedMain] .s.d.r.c.RepositoryConfigurationDelegate : Finished Spring Data repository scanning in 4 ms. Found 0 JPA repository interfaces.
WARNING: A restricted method in java.lang.System has been called
WARNING: java.lang.System::load has been called by org.apache.tomcat.jni.Library in an unnamed module (file:/home/codespace/.m2/repository/org/apache/tomcat/embed/tomcat-embed-core/9.0.83/tomcat-embed-core-9.0.83.jar)
WARNING: Use --enable-native-access=ALL-UNNAMED to avoid a warning for callers in this module
WARNING: Restricted methods will be blocked in a future release unless native access is enabled

2025-12-30 10:00:34.665  INFO 40203 --- [  restartedMain] o.s.b.w.embedded.tomcat.TomcatWebServer  : Tomcat initialized with port(s): 8080 (http)
2025-12-30 10:00:34.672  INFO 40203 --- [  restartedMain] o.apache.catalina.core.StandardService   : Starting service [Tomcat]
2025-12-30 10:00:34.673  INFO 40203 --- [  restartedMain] org.apache.catalina.core.StandardEngine  : Starting Servlet engine: [Apache Tomcat/9.0.83]
2025-12-30 10:00:34.837  INFO 40203 --- [  restartedMain] org.apache.jasper.servlet.TldScanner     : At least one JAR was scanned for TLDs yet contained no TLDs. Enable debug logging for this logger for a complete list of JARs that were scanned but no TLDs were found in them. Skipping unneeded JARs during scanning can improve startup time and JSP compilation time.
2025-12-30 10:00:34.841  INFO 40203 --- [  restartedMain] o.a.c.c.C.[Tomcat].[localhost].[/]       : Initializing Spring embedded WebApplicationContext
2025-12-30 10:00:34.841  INFO 40203 --- [  restartedMain] w.s.c.ServletWebServerApplicationContext : Root WebApplicationContext: initialization completed in 1121 ms
2025-12-30 10:00:35.343  INFO 40203 --- [  restartedMain] o.s.b.a.h2.H2ConsoleAutoConfiguration    : H2 console available at '/h2-console'. Database available at 'jdbc:h2:file:./data/ecommjava'
2025-12-30 10:00:35.450  INFO 40203 --- [  restartedMain] org.hibernate.Version                    : HHH000412: Hibernate ORM core version 5.6.15.Final
2025-12-30 10:00:35.917  INFO 40203 --- [  restartedMain] o.hibernate.annotations.common.Version   : HCANN000001: Hibernate Commons Annotations {5.1.2.Final}
2025-12-30 10:00:36.017  INFO 40203 --- [  restartedMain] org.hibernate.dialect.Dialect            : HHH000400: Using dialect: org.hibernate.dialect.H2Dialect
2025-12-30 10:00:36.850  INFO 40203 --- [  restartedMain] o.h.e.t.j.p.i.JtaPlatformInitiator       : HHH000490: Using JtaPlatform implementation: [org.hibernate.engine.transaction.jta.platform.internal.NoJtaPlatform]
2025-12-30 10:00:37.028  INFO 40203 --- [  restartedMain] o.s.b.a.w.s.WelcomePageHandlerMapping    : Adding welcome page template: index
2025-12-30 10:00:37.446  INFO 40203 --- [  restartedMain] o.s.b.d.a.OptionalLiveReloadServer       : LiveReload server is running on port 35729
2025-12-30 10:00:37.455  INFO 40203 --- [  restartedMain] o.s.b.a.e.web.EndpointLinksResolver      : Exposing 1 endpoint(s) beneath base path '/actuator'
2025-12-30 10:00:37.484  INFO 40203 --- [  restartedMain] o.s.b.w.embedded.tomcat.TomcatWebServer  : Tomcat started on port(s): 8080 (http) with context path ''
2025-12-30 10:00:37.494  INFO 40203 --- [  restartedMain] c.j.J.JtSpringProjectApplication         : Started JtSpringProjectApplication in 4.063 seconds (JVM running for 4.343)
2025-12-30 10:00:46.003  INFO 40203 --- [nio-8080-exec-1] o.a.c.c.C.[Tomcat].[localhost].[/]       : Initializing Spring DispatcherServlet 'dispatcherServlet'
2025-12-30 10:00:46.003  INFO 40203 --- [nio-8080-exec-1] o.s.web.servlet.DispatcherServlet        : Initializing Servlet 'dispatcherServlet'
2025-12-30 10:00:46.004  INFO 40203 --- [nio-8080-exec-1] o.s.web.servlet.DispatcherServlet        : Completed initialization in 1 ms
admin
123
Hibernate: select user0_.id as id1_3_, user0_.address as address2_3_, user0_.email as email3_3_, user0_.password as password4_3_, user0_.role as role5_3_, user0_.username as username6_3_ from CUSTOMER user0_ where user0_.username=?
user.getPassword():123
admin
Hibernate: select product0_.product_id as product_1_4_, product0_.category_id as category8_4_, product0_.customer_id as customer9_4_, product0_.description as descript2_4_, product0_.image as image3_4_, product0_.name as name4_4_, product0_.price as price5_4_, product0_.quantity as quantity6_4_, product0_.weight as weight7_4_ from PRODUCT product0_
Hibernate: select category0_.category_id as category1_2_0_, category0_.name as name2_2_0_ from CATEGORY category0_ where category0_.category_id=?
Hibernate: select category0_.category_id as category1_2_0_, category0_.name as name2_2_0_ from CATEGORY category0_ where category0_.category_id=?
2025-12-30 10:15:06.000  INFO 40203 --- [   File Watcher] rtingClassPathChangeChangedEventListener : Restarting due to 1 class path change (0 additions, 0 deletions, 1 modification)
2025-12-30 10:15:06.004  INFO 40203 --- [      Thread-10] o.apache.catalina.core.StandardService   : Stopping service [Tomcat]
2025-12-30 10:15:06.005  INFO 40203 --- [      Thread-10] o.a.c.c.C.[Tomcat].[localhost].[/]       : Destroying Spring FrameworkServlet 'dispatcherServlet'
test1

  .   ____          _            __ _ _
 /\\ / ___'_ __ _ _(_)_ __  __ _ \ \ \ \
( ( )\___ | '_ | '_| | '_ \/ _` | \ \ \ \
 \\/  ___)| |_)| | | | | || (_| |  ) ) ) )
  '  |____| .__|_| |_|_| |_\__, | / / / /
 =========|_|==============|___/=/_/_/_/
 :: Spring Boot ::               (v2.7.18)

2025-12-30 10:15:06.078  INFO 40203 --- [  restartedMain] c.j.J.JtSpringProjectApplication         : Starting JtSpringProjectApplication using Java 25.0.1 on codespaces-697c2b with PID 40203 (/workspaces/study/java-projects/JtProject/target/classes started by codespace in /workspaces/study/java-projects/JtProject)
2025-12-30 10:15:06.078  INFO 40203 --- [  restartedMain] c.j.J.JtSpringProjectApplication         : No active profile set, falling back to 1 default profile: "default"
2025-12-30 10:15:06.229  INFO 40203 --- [  restartedMain] .s.d.r.c.RepositoryConfigurationDelegate : Bootstrapping Spring Data JPA repositories in DEFAULT mode.
2025-12-30 10:15:06.231  INFO 40203 --- [  restartedMain] .s.d.r.c.RepositoryConfigurationDelegate : Finished Spring Data repository scanning in 1 ms. Found 0 JPA repository interfaces.
2025-12-30 10:15:06.299  INFO 40203 --- [  restartedMain] o.s.b.w.embedded.tomcat.TomcatWebServer  : Tomcat initialized with port(s): 8080 (http)
2025-12-30 10:15:06.300  INFO 40203 --- [  restartedMain] o.apache.catalina.core.StandardService   : Starting service [Tomcat]
2025-12-30 10:15:06.300  INFO 40203 --- [  restartedMain] org.apache.catalina.core.StandardEngine  : Starting Servlet engine: [Apache Tomcat/9.0.83]
2025-12-30 10:15:06.354  INFO 40203 --- [  restartedMain] org.apache.jasper.servlet.TldScanner     : At least one JAR was scanned for TLDs yet contained no TLDs. Enable debug logging for this logger for a complete list of JARs that were scanned but no TLDs were found in them. Skipping unneeded JARs during scanning can improve startup time and JSP compilation time.
2025-12-30 10:15:06.355  INFO 40203 --- [  restartedMain] o.a.c.c.C.[Tomcat].[localhost].[/]       : Initializing Spring embedded WebApplicationContext
2025-12-30 10:15:06.355  INFO 40203 --- [  restartedMain] w.s.c.ServletWebServerApplicationContext : Root WebApplicationContext: initialization completed in 275 ms
2025-12-30 10:15:06.617  INFO 40203 --- [  restartedMain] o.s.b.a.h2.H2ConsoleAutoConfiguration    : H2 console available at '/h2-console'. Database available at 'jdbc:h2:file:./data/ecommjava'
2025-12-30 10:15:06.958  INFO 40203 --- [  restartedMain] org.hibernate.dialect.Dialect            : HHH000400: Using dialect: org.hibernate.dialect.H2Dialect
2025-12-30 10:15:07.461  INFO 40203 --- [  restartedMain] o.h.e.t.j.p.i.JtaPlatformInitiator       : HHH000490: Using JtaPlatform implementation: [org.hibernate.engine.transaction.jta.platform.internal.NoJtaPlatform]
2025-12-30 10:15:07.520  INFO 40203 --- [  restartedMain] o.s.b.a.w.s.WelcomePageHandlerMapping    : Adding welcome page template: index
2025-12-30 10:15:07.829  INFO 40203 --- [  restartedMain] o.s.b.d.a.OptionalLiveReloadServer       : LiveReload server is running on port 35729
2025-12-30 10:15:07.834  INFO 40203 --- [  restartedMain] o.s.b.a.e.web.EndpointLinksResolver      : Exposing 1 endpoint(s) beneath base path '/actuator'
2025-12-30 10:15:07.845  INFO 40203 --- [  restartedMain] o.s.b.w.embedded.tomcat.TomcatWebServer  : Tomcat started on port(s): 8080 (http) with context path ''
2025-12-30 10:15:07.849  INFO 40203 --- [  restartedMain] c.j.J.JtSpringProjectApplication         : Started JtSpringProjectApplication in 1.791 seconds (JVM running for 874.698)
2025-12-30 10:15:07.851  INFO 40203 --- [  restartedMain] .ConditionEvaluationDeltaLoggingListener : Condition evaluation unchanged
2025-12-30 10:15:10.232  INFO 40203 --- [   File Watcher] rtingClassPathChangeChangedEventListener : Restarting due to 1 class path change (0 additions, 0 deletions, 1 modification)
2025-12-30 10:15:10.234  INFO 40203 --- [      Thread-14] o.apache.catalina.core.StandardService   : Stopping service [Tomcat]
test1

  .   ____          _            __ _ _
 /\\ / ___'_ __ _ _(_)_ __  __ _ \ \ \ \
( ( )\___ | '_ | '_| | '_ \/ _` | \ \ \ \
 \\/  ___)| |_)| | | | | || (_| |  ) ) ) )
  '  |____| .__|_| |_|_| |_\__, | / / / /
 =========|_|==============|___/=/_/_/_/
 :: Spring Boot ::               (v2.7.18)

2025-12-30 10:15:10.300  INFO 40203 --- [  restartedMain] c.j.J.JtSpringProjectApplication         : Starting JtSpringProjectApplication using Java 25.0.1 on codespaces-697c2b with PID 40203 (/workspaces/study/java-projects/JtProject/target/classes started by codespace in /workspaces/study/java-projects/JtProject)
2025-12-30 10:15:10.300  INFO 40203 --- [  restartedMain] c.j.J.JtSpringProjectApplication         : No active profile set, falling back to 1 default profile: "default"
2025-12-30 10:15:10.411  INFO 40203 --- [  restartedMain] .s.d.r.c.RepositoryConfigurationDelegate : Bootstrapping Spring Data JPA repositories in DEFAULT mode.
2025-12-30 10:15:10.412  INFO 40203 --- [  restartedMain] .s.d.r.c.RepositoryConfigurationDelegate : Finished Spring Data repository scanning in 0 ms. Found 0 JPA repository interfaces.
2025-12-30 10:15:10.463  INFO 40203 --- [  restartedMain] o.s.b.w.embedded.tomcat.TomcatWebServer  : Tomcat initialized with port(s): 8080 (http)
2025-12-30 10:15:10.464  INFO 40203 --- [  restartedMain] o.apache.catalina.core.StandardService   : Starting service [Tomcat]
2025-12-30 10:15:10.464  INFO 40203 --- [  restartedMain] org.apache.catalina.core.StandardEngine  : Starting Servlet engine: [Apache Tomcat/9.0.83]
2025-12-30 10:15:10.505  INFO 40203 --- [  restartedMain] org.apache.jasper.servlet.TldScanner     : At least one JAR was scanned for TLDs yet contained no TLDs. Enable debug logging for this logger for a complete list of JARs that were scanned but no TLDs were found in them. Skipping unneeded JARs during scanning can improve startup time and JSP compilation time.
2025-12-30 10:15:10.506  INFO 40203 --- [  restartedMain] o.a.c.c.C.[Tomcat].[localhost].[/]       : Initializing Spring embedded WebApplicationContext
2025-12-30 10:15:10.506  INFO 40203 --- [  restartedMain] w.s.c.ServletWebServerApplicationContext : Root WebApplicationContext: initialization completed in 205 ms
2025-12-30 10:15:10.763  INFO 40203 --- [  restartedMain] o.s.b.a.h2.H2ConsoleAutoConfiguration    : H2 console available at '/h2-console'. Database available at 'jdbc:h2:file:./data/ecommjava'
2025-12-30 10:15:11.153  INFO 40203 --- [  restartedMain] org.hibernate.dialect.Dialect            : HHH000400: Using dialect: org.hibernate.dialect.H2Dialect
2025-12-30 10:15:11.641  INFO 40203 --- [  restartedMain] o.h.e.t.j.p.i.JtaPlatformInitiator       : HHH000490: Using JtaPlatform implementation: [org.hibernate.engine.transaction.jta.platform.internal.NoJtaPlatform]
2025-12-30 10:15:11.696  INFO 40203 --- [  restartedMain] o.s.b.a.w.s.WelcomePageHandlerMapping    : Adding welcome page template: index
2025-12-30 10:15:12.002  INFO 40203 --- [  restartedMain] o.s.b.d.a.OptionalLiveReloadServer       : LiveReload server is running on port 35729
2025-12-30 10:15:12.004  INFO 40203 --- [  restartedMain] o.s.b.a.e.web.EndpointLinksResolver      : Exposing 1 endpoint(s) beneath base path '/actuator'
2025-12-30 10:15:12.012  INFO 40203 --- [  restartedMain] o.s.b.w.embedded.tomcat.TomcatWebServer  : Tomcat started on port(s): 8080 (http) with context path ''
2025-12-30 10:15:12.016  INFO 40203 --- [  restartedMain] c.j.J.JtSpringProjectApplication         : Started JtSpringProjectApplication in 1.73 seconds (JVM running for 878.865)
2025-12-30 10:15:12.017  INFO 40203 --- [  restartedMain] .ConditionEvaluationDeltaLoggingListener : Condition evaluation unchanged
